Determining if the C compiler works failed with the following output:
Change Dir: C:/Users/Łukasz/Documents/Studia/Informatyka/Pobrane/Zadanka/mdig-agh-air_inf1_lab_cpp_exercises-06d041e97930/solutions/matlab-2/cmake-build-debug/CMakeFiles/CMakeTmp

Run Build Command:"C:/PROGRA~1/MINGW-~1/X86_64~1.0-P/mingw64/bin/mingw32-make.exe" "cmTC_e9073/fast"
C:/PROGRA~1/MINGW-~1/X86_64~1.0-P/mingw64/bin/mingw32-make.exe -f CMakeFiles\cmTC_e9073.dir\build.make CMakeFiles/cmTC_e9073.dir/build
mingw32-make.exe[1]: Entering directory 'C:/Users/úukasz/Documents/Studia/Informatyka/Pobrane/Zadanka/mdig-agh-air_inf1_lab_cpp_exercises-06d041e97930/solutions/matlab-2/cmake-build-debug/CMakeFiles/CMakeTmp'
Building C object CMakeFiles/cmTC_e9073.dir/testCCompiler.c.obj
C:\PROGRA~1\MINGW-~1\X86_64~1.0-P\mingw64\bin\gcc.exe    -o CMakeFiles\cmTC_e9073.dir\testCCompiler.c.obj   -c C:\Users\┼üukasz\Documents\Studia\Informatyka\Pobrane\Zadanka\mdig-agh-air_inf1_lab_cpp_exercises-06d041e97930\solutions\matlab-2\cmake-build-debug\CMakeFiles\CMakeTmp\testCCompiler.c
gcc.exe: error: C:\Users\┼üukasz\Documents\Studia\Informatyka\Pobrane\Zadanka\mdig-agh-air_inf1_lab_cpp_exercises-06d041e97930\solutions\matlab-2\cmake-build-debug\CMakeFiles\CMakeTmp\testCCompiler.c: No such file or directory
gcc.exe: fatal error: no input files
compilation terminated.
mingw32-make.exe[1]: *** [CMakeFiles\cmTC_e9073.dir\build.make:65: CMakeFiles/cmTC_e9073.dir/testCCompiler.c.obj] Error 1
mingw32-make.exe[1]: Leaving directory 'C:/Users/úukasz/Documents/Studia/Informatyka/Pobrane/Zadanka/mdig-agh-air_inf1_lab_cpp_exercises-06d041e97930/solutions/matlab-2/cmake-build-debug/CMakeFiles/CMakeTmp'
mingw32-make.exe: *** [Makefile:120: cmTC_e9073/fast] Error 2


